<?xml version="1.0" encoding="UTF-8"?>
<!-- Generated by org.testng.reporters.JUnitXMLReporter -->
<testsuite ignored="5" hostname="FFE-Dammavalam-Pavani" failures="0" tests="1" name="Default test" time="23.475" errors="0" timestamp="2025-08-22T12:02:32 IST">
  <testcase classname="practise.TestClasForOBJRepoTest" name="createCampaignTest" time="4.714"/>
  <testcase classname="practise.TestClasForOBJRepoTest" name="sample4" time="0.0">
    <ignored/>
  </testcase> <!-- sample4 -->
  <testcase classname="practise.TestClasForOBJRepoTest" name="sample1" time="0.0">
    <ignored/>
  </testcase> <!-- sample1 -->
  <testcase classname="practise.TestClasForOBJRepoTest" name="sample3" time="0.0">
    <ignored/>
  </testcase> <!-- sample3 -->
  <testcase classname="practise.TestClasForOBJRepoTest" name="sample2" time="0.0">
    <ignored/>
  </testcase> <!-- sample2 -->
  <testcase classname="practise.TestClasForOBJRepoTest" name="sample5" time="0.0">
    <ignored/>
  </testcase> <!-- sample5 -->
</testsuite> <!-- Default test -->
