<?xml version="1.0" encoding="UTF-8"?>
<!-- Generated by org.testng.reporters.JUnitXMLReporter -->
<testsuite ignored="0" hostname="FFE-Dammavalam-Pavani" failures="0" tests="3" name="Test2s" time="0.01" errors="0" timestamp="2025-08-20T11:44:25 IST">
  <testcase classname="practise.UsingPOMFile" name="sample" time="0.001"/>
  <testcase classname="practise.UsingPOMFile" name="sample1" time="0.001"/>
  <testcase classname="practise.UsingPOMFile" name="sample2" time="0.001"/>
</testsuite> <!-- Test2s -->
